<?xml version="1.0" encoding="UTF-8"?>
<testng-results ignored="0" total="1" passed="1" failed="0" skipped="0">
  <reporter-output>
  </reporter-output>
  <suite started-at="2020-06-22T15:52:13 IST" name="Default suite" finished-at="2020-06-22T15:52:36 IST" duration-ms="23265">
    <groups>
    </groups>
    <test started-at="2020-06-22T15:52:13 IST" name="Default test" finished-at="2020-06-22T15:52:36 IST" duration-ms="23265">
      <class name="com.selenium.examples.ExtentReports.ExtentreportsSelenium">
        <test-method is-config="true" signature="config()[pri:0, instance:com.selenium.examples.ExtentReports.ExtentreportsSelenium@7f0eb4b4]" started-at="2020-06-22T15:52:13 IST" name="config" finished-at="2020-06-22T15:52:13 IST" duration-ms="178" status="PASS">
          <reporter-output>
          </reporter-output>
        </test-method> <!-- config -->
        <test-method signature="initialDemo()[pri:0, instance:com.selenium.examples.ExtentReports.ExtentreportsSelenium@7f0eb4b4]" started-at="2020-06-22T15:52:13 IST" name="initialDemo" finished-at="2020-06-22T15:52:36 IST" duration-ms="23035" status="PASS">
          <reporter-output>
          </reporter-output>
        </test-method> <!-- initialDemo -->
      </class> <!-- com.selenium.examples.ExtentReports.ExtentreportsSelenium -->
    </test> <!-- Default test -->
  </suite> <!-- Default suite -->
</testng-results>
